<?xml version="1.0" encoding="UTF-8"?>
<testng-results skipped="0" failed="0" ignored="0" total="3" passed="3">
  <reporter-output>
  </reporter-output>
  <suite name="Suite" duration-ms="60" started-at="2017-03-29T22:42:07Z" finished-at="2017-03-29T22:42:07Z">
    <groups>
    </groups>
    <test name="Test" duration-ms="60" started-at="2017-03-29T22:42:07Z" finished-at="2017-03-29T22:42:07Z">
      <class name="program.testng.listener.TestListenerTwo">
        <test-method status="PASS" signature="testcaseThree()[pri:0, instance:program.testng.listener.TestListenerTwo@55a561cf]" name="testcaseThree" duration-ms="1" started-at="2017-03-29T15:42:07Z" finished-at="2017-03-29T15:42:07Z">
          <reporter-output>
          </reporter-output>
        </test-method> <!-- testcaseThree -->
      </class> <!-- program.testng.listener.TestListenerTwo -->
      <class name="program.testng.listener.TestListener">
        <test-method status="PASS" signature="testcaseOne()[pri:0, instance:program.testng.listener.TestListener@5906ebcb]" name="testcaseOne" duration-ms="10" started-at="2017-03-29T15:42:07Z" finished-at="2017-03-29T15:42:07Z">
          <reporter-output>
          </reporter-output>
        </test-method> <!-- testcaseOne -->
        <test-method status="PASS" signature="testcaseTwo()[pri:0, instance:program.testng.listener.TestListener@5906ebcb]" name="testcaseTwo" duration-ms="1" started-at="2017-03-29T15:42:07Z" finished-at="2017-03-29T15:42:07Z">
          <reporter-output>
          </reporter-output>
        </test-method> <!-- testcaseTwo -->
      </class> <!-- program.testng.listener.TestListener -->
    </test> <!-- Test -->
  </suite> <!-- Suite -->
</testng-results>
