<?xml version="1.0" encoding="UTF-8"?>
<!-- Generated by org.testng.reporters.JUnitXMLReporter -->
<testsuite hostname="6491-F3TXV32" ignored="0" name="Test" tests="3" failures="0" timestamp="29 Mar 2017 22:42:07 GMT" time="0.06" errors="0">
  <testcase name="testcaseOne" time="0.01" classname="program.testng.listener.TestListener"/>
  <testcase name="testcaseTwo" time="0.001" classname="program.testng.listener.TestListener"/>
  <testcase name="testcaseThree" time="0.001" classname="program.testng.listener.TestListenerTwo"/>
</testsuite> <!-- Test -->
